<?xml version="1.0" encoding="UTF-8"?>
<testng-results skipped="0" failed="0" ignored="0" total="1" passed="1">
  <reporter-output>
  </reporter-output>
  <suite name="Default suite" duration-ms="4192" started-at="2020-03-29T15:36:16 EDT" finished-at="2020-03-29T15:36:21 EDT">
    <groups>
    </groups>
    <test name="Default test" duration-ms="4192" started-at="2020-03-29T15:36:16 EDT" finished-at="2020-03-29T15:36:21 EDT">
      <class name="Base.firstTest">
        <test-method status="PASS" signature="f()[pri:0, instance:Base.firstTest@5b87ed94]" name="f" duration-ms="4137" started-at="2020-03-29T15:36:16 EDT" finished-at="2020-03-29T15:36:21 EDT">
          <reporter-output>
          </reporter-output>
        </test-method> <!-- f -->
      </class> <!-- Base.firstTest -->
    </test> <!-- Default test -->
  </suite> <!-- Default suite -->
</testng-results>
